<?xml version="1.0" encoding="UTF-8"?>
<!-- Generated by org.testng.reporters.JUnitReportReporter -->
<testsuite hostname="Mayur" failures="0" tests="1" name="TestClass.verifyUserCanSearchProduct" time="2.074" errors="0" timestamp="2022-10-12T13:22:32 IST" skipped="0">
  <testcase classname="TestClass.verifyUserCanSearchProduct" name="verifyUserCanSearchProducts" time="2.074"/>
  <system-out>
    <![CDATA[Test Started
Test Passed]]>
  </system-out>
</testsuite> <!-- TestClass.verifyUserCanSearchProduct -->
