<?xml version="1.0" encoding="UTF-8"?>
<!-- Generated by org.testng.reporters.JUnitReportReporter -->
<testsuite hostname="Mayur" failures="0" tests="1" name="TestClass.verifyUserCanSearchProduct" time="0.622" errors="0" timestamp="2022-10-10T23:18:01 IST" skipped="0">
  <testcase classname="TestClass.verifyUserCanSearchProduct" name="verifyUserCanSearchProducts" time="0.622"/>
  <system-out>
    <![CDATA[Test Started]]>
  </system-out>
</testsuite> <!-- TestClass.verifyUserCanSearchProduct -->
