<?xml version="1.0" encoding="UTF-8"?>
<!-- Generated by org.testng.reporters.JUnitReportReporter -->
<testsuite hostname="Mayur" failures="0" tests="1" name="TestClass.verifyUserCanSearchProduct" time="0.595" errors="0" timestamp="2022-10-13T16:20:48 IST" skipped="0">
  <testcase classname="TestClass.verifyUserCanSearchProduct" name="verifyUserCanSearchProducts" time="0.595"/>
  <system-out>
    <![CDATA[Test Started
Test Passed]]>
  </system-out>
</testsuite> <!-- TestClass.verifyUserCanSearchProduct -->
